<?xml version="1.0" encoding="UTF-8"?>
<testsuite xmlns:xsi="http://www.w3.org/2001/XMLSchema-instance" xsi:schemaLocation="https://maven.apache.org/surefire/maven-surefire-plugin/xsd/surefire-test-report.xsd" name="com.preethidevops.utilities.TestHexAsciiConversion" time="0.018" tests="4" errors="0" skipped="0" failures="0">
  <properties>
[...]
</properties>
  <testcase name="testAsciiToHexNull" classname="com.preethidevops.utilities.TestHexAsciiConversion" time="0.018"/>
  <testcase name="testHexToAsciiValid" classname="com.preethidevops.utilities.TestHexAsciiConversion" time="0.006"/>
  <testcase name="testHextoAsciiNull" classname="com.preethidevops.utilities.TestHexAsciiConversion" time="0.004"/>
  <testcase name="testAsciiToHexValid" classname="com.preethidevops.utilities.TestHexAsciiConversion" time="0.001"/>
</testsuite>